0 info it worked if it ends with ok
1 verbose cli [ '/usr/local/Cellar/node/6.8.1/bin/node',
1 verbose cli   '/usr/local/bin/npm',
1 verbose cli   'install' ]
2 info using npm@3.10.8
3 info using node@v6.8.1
4 silly loadCurrentTree Starting
5 silly install loadCurrentTree
6 silly install readLocalPackageData
7 silly install normalizeTree
8 silly loadCurrentTree Finishing
9 silly loadIdealTree Starting
10 silly install loadIdealTree
11 silly cloneCurrentTree Starting
12 silly install cloneCurrentTreeToIdealTree
13 silly cloneCurrentTree Finishing
14 silly loadShrinkwrap Starting
15 silly install loadShrinkwrap
16 silly loadShrinkwrap Finishing
17 silly loadAllDepsIntoIdealTree Starting
18 silly install loadAllDepsIntoIdealTree
19 silly fetchOtherPackageData fsevents@github:pipobscure/fsevents#7dcdf9fa3f8956610fd6f69f72c67bace2de7138
20 silly cache add args [ 'fsevents@github:pipobscure/fsevents#7dcdf9fa3f8956610fd6f69f72c67bace2de7138',
20 silly cache add   null ]
21 verbose cache add spec fsevents@github:pipobscure/fsevents#7dcdf9fa3f8956610fd6f69f72c67bace2de7138
22 silly cache add parsed spec Result {
22 silly cache add   raw: 'fsevents@github:pipobscure/fsevents#7dcdf9fa3f8956610fd6f69f72c67bace2de7138',
22 silly cache add   scope: null,
22 silly cache add   escapedName: 'fsevents',
22 silly cache add   name: 'fsevents',
22 silly cache add   rawSpec: 'github:pipobscure/fsevents#7dcdf9fa3f8956610fd6f69f72c67bace2de7138',
22 silly cache add   spec: 'github:pipobscure/fsevents#7dcdf9fa3f8956610fd6f69f72c67bace2de7138',
22 silly cache add   type: 'hosted',
22 silly cache add   hosted:
22 silly cache add    { type: 'github',
22 silly cache add      ssh: 'git@github.com:pipobscure/fsevents.git#7dcdf9fa3f8956610fd6f69f72c67bace2de7138',
22 silly cache add      sshUrl: 'git+ssh://git@github.com/pipobscure/fsevents.git#7dcdf9fa3f8956610fd6f69f72c67bace2de7138',
22 silly cache add      httpsUrl: 'git+https://github.com/pipobscure/fsevents.git#7dcdf9fa3f8956610fd6f69f72c67bace2de7138',
22 silly cache add      gitUrl: 'git://github.com/pipobscure/fsevents.git#7dcdf9fa3f8956610fd6f69f72c67bace2de7138',
22 silly cache add      shortcut: 'github:pipobscure/fsevents#7dcdf9fa3f8956610fd6f69f72c67bace2de7138',
22 silly cache add      directUrl: 'https://raw.githubusercontent.com/pipobscure/fsevents/7dcdf9fa3f8956610fd6f69f72c67bace2de7138/package.json' } }
23 verbose addRemoteGit caching github:pipobscure/fsevents#7dcdf9fa3f8956610fd6f69f72c67bace2de7138
24 verbose addRemoteGit pipobscure/fsevents#7dcdf9fa3f8956610fd6f69f72c67bace2de7138 is a repository hosted by github
25 silly tryGitProto attempting to clone git://github.com/pipobscure/fsevents.git#7dcdf9fa3f8956610fd6f69f72c67bace2de7138
26 silly tryClone cloning pipobscure/fsevents#7dcdf9fa3f8956610fd6f69f72c67bace2de7138 via git://github.com/pipobscure/fsevents.git#7dcdf9fa3f8956610fd6f69f72c67bace2de7138
27 verbose tryClone git-github-com-pipobscure-fsevents-git-7dcdf9fa3f8956610fd6f69f72c67bace2de7138-40e7e494 not in flight; caching
28 verbose correctMkdir /Users/akkuanu/.npm/_git-remotes correctMkdir not in flight; initializing
29 info git [ 'config', '--get', 'remote.origin.url' ]
30 silly validateExistingRemote pipobscure/fsevents#7dcdf9fa3f8956610fd6f69f72c67bace2de7138 remote.origin.url: git://github.com/pipobscure/fsevents.git
31 verbose validateExistingRemote pipobscure/fsevents#7dcdf9fa3f8956610fd6f69f72c67bace2de7138 is updating existing cached remote /Users/akkuanu/.npm/_git-remotes/git-github-com-pipobscure-fsevents-git-7dcdf9fa3f8956610fd6f69f72c67bace2de7138-40e7e494
32 info git [ 'fetch', '-a', 'origin' ]
33 verbose updateRemote git fetch -a origin (git://github.com/pipobscure/fsevents.git)
34 verbose correctMkdir /Users/akkuanu/.npm/_git-remotes correctMkdir not in flight; initializing
35 verbose setPermissions pipobscure/fsevents#7dcdf9fa3f8956610fd6f69f72c67bace2de7138 set permissions on /Users/akkuanu/.npm/_git-remotes/git-github-com-pipobscure-fsevents-git-7dcdf9fa3f8956610fd6f69f72c67bace2de7138-40e7e494
36 verbose resolveHead pipobscure/fsevents#7dcdf9fa3f8956610fd6f69f72c67bace2de7138 original treeish: 7dcdf9fa3f8956610fd6f69f72c67bace2de7138
37 info git [ 'rev-list', '-n1', '7dcdf9fa3f8956610fd6f69f72c67bace2de7138' ]
38 silly resolveHead pipobscure/fsevents#7dcdf9fa3f8956610fd6f69f72c67bace2de7138 resolved treeish: 7dcdf9fa3f8956610fd6f69f72c67bace2de7138
39 verbose resolveHead pipobscure/fsevents#7dcdf9fa3f8956610fd6f69f72c67bace2de7138 resolved Git URL: git://github.com/pipobscure/fsevents.git#7dcdf9fa3f8956610fd6f69f72c67bace2de7138
40 silly resolveHead Git working directory: /var/folders/dk/_4n7r6fs7p33b3dz916qkczh0000gn/T/npm-6282-dfe23e40/git-cache-55f52b25/7dcdf9fa3f8956610fd6f69f72c67bace2de7138
41 info git [ 'clone',
41 info git   '/Users/akkuanu/.npm/_git-remotes/git-github-com-pipobscure-fsevents-git-7dcdf9fa3f8956610fd6f69f72c67bace2de7138-40e7e494',
41 info git   '/var/folders/dk/_4n7r6fs7p33b3dz916qkczh0000gn/T/npm-6282-dfe23e40/git-cache-55f52b25/7dcdf9fa3f8956610fd6f69f72c67bace2de7138' ]
42 verbose cloneResolved pipobscure/fsevents#7dcdf9fa3f8956610fd6f69f72c67bace2de7138 clone Cloning into '/var/folders/dk/_4n7r6fs7p33b3dz916qkczh0000gn/T/npm-6282-dfe23e40/git-cache-55f52b25/7dcdf9fa3f8956610fd6f69f72c67bace2de7138'...
42 verbose cloneResolved done.
43 info git [ 'checkout', '7dcdf9fa3f8956610fd6f69f72c67bace2de7138' ]
44 verbose checkoutTreeish pipobscure/fsevents#7dcdf9fa3f8956610fd6f69f72c67bace2de7138 checkout Note: checking out '7dcdf9fa3f8956610fd6f69f72c67bace2de7138'.
44 verbose checkoutTreeish
44 verbose checkoutTreeish You are in 'detached HEAD' state. You can look around, make experimental
44 verbose checkoutTreeish changes and commit them, and you can discard any commits you make in this
44 verbose checkoutTreeish state without impacting any branches by performing another checkout.
44 verbose checkoutTreeish
44 verbose checkoutTreeish If you want to create a new branch to retain commits you create, you may
44 verbose checkoutTreeish do so (now or later) by using -b with the checkout command again. Example:
44 verbose checkoutTreeish
44 verbose checkoutTreeish   git checkout -b <new-branch-name>
44 verbose checkoutTreeish
44 verbose checkoutTreeish HEAD is now at 7dcdf9f... Caught a timing problem
45 info git [ 'submodule', '-q', 'update', '--init', '--recursive' ]
46 verbose updateSubmodules pipobscure/fsevents#7dcdf9fa3f8956610fd6f69f72c67bace2de7138 submodule update
47 verbose addLocalDirectory /Users/akkuanu/.npm/fsevents/0.2.1/package.tgz not in flight; packing
48 verbose correctMkdir /Users/akkuanu/.npm correctMkdir not in flight; initializing
49 verbose tar pack [ '/Users/akkuanu/.npm/fsevents/0.2.1/package.tgz',
49 verbose tar pack   '/var/folders/dk/_4n7r6fs7p33b3dz916qkczh0000gn/T/npm-6282-dfe23e40/git-cache-55f52b25/7dcdf9fa3f8956610fd6f69f72c67bace2de7138' ]
50 verbose tarball /Users/akkuanu/.npm/fsevents/0.2.1/package.tgz
51 verbose folder /var/folders/dk/_4n7r6fs7p33b3dz916qkczh0000gn/T/npm-6282-dfe23e40/git-cache-55f52b25/7dcdf9fa3f8956610fd6f69f72c67bace2de7138
52 verbose addLocalTarball adding from inside cache /Users/akkuanu/.npm/fsevents/0.2.1/package.tgz
53 verbose correctMkdir /Users/akkuanu/.npm correctMkdir not in flight; initializing
54 verbose addRemoteGit data._from: pipobscure/fsevents#7dcdf9fa3f8956610fd6f69f72c67bace2de7138
55 verbose addRemoteGit data._resolved: git://github.com/pipobscure/fsevents.git#7dcdf9fa3f8956610fd6f69f72c67bace2de7138
56 silly cache afterAdd fsevents@0.2.1
57 verbose afterAdd /Users/akkuanu/.npm/fsevents/0.2.1/package/package.json not in flight; writing
58 verbose correctMkdir /Users/akkuanu/.npm correctMkdir not in flight; initializing
59 verbose afterAdd /Users/akkuanu/.npm/fsevents/0.2.1/package/package.json written
60 silly resolveWithNewModule fsevents@0.2.1 checking installable status
61 silly fetchNamedPackageData nan
62 silly mapToRegistry name nan
63 silly mapToRegistry using default registry
64 silly mapToRegistry registry https://registry.npmjs.org/
65 silly mapToRegistry data Result {
65 silly mapToRegistry   raw: 'nan',
65 silly mapToRegistry   scope: null,
65 silly mapToRegistry   escapedName: 'nan',
65 silly mapToRegistry   name: 'nan',
65 silly mapToRegistry   rawSpec: '',
65 silly mapToRegistry   spec: 'latest',
65 silly mapToRegistry   type: 'tag' }
66 silly mapToRegistry uri https://registry.npmjs.org/nan
67 verbose request uri https://registry.npmjs.org/nan
68 verbose request no auth needed
69 info attempt registry request try #1 at 1:28:13 PM
70 verbose request id 854dd0610697917e
71 verbose etag W/"597a1ce5-1fa1a"
72 verbose lastModified Thu, 27 Jul 2017 17:03:33 GMT
73 http request GET https://registry.npmjs.org/nan
74 http 304 https://registry.npmjs.org/nan
75 verbose headers { date: 'Sat, 19 Aug 2017 07:58:13 GMT',
75 verbose headers   via: '1.1 varnish',
75 verbose headers   'cache-control': 'max-age=300',
75 verbose headers   etag: 'W/"597a1ce5-1fa1a"',
75 verbose headers   age: '244',
75 verbose headers   connection: 'keep-alive',
75 verbose headers   'x-served-by': 'cache-sin18029-SIN',
75 verbose headers   'x-cache': 'HIT',
75 verbose headers   'x-cache-hits': '4',
75 verbose headers   'x-timer': 'S1503129494.736726,VS0,VE0',
75 verbose headers   vary: 'Accept-Encoding, Accept' }
76 silly get cb [ 304,
76 silly get   { date: 'Sat, 19 Aug 2017 07:58:13 GMT',
76 silly get     via: '1.1 varnish',
76 silly get     'cache-control': 'max-age=300',
76 silly get     etag: 'W/"597a1ce5-1fa1a"',
76 silly get     age: '244',
76 silly get     connection: 'keep-alive',
76 silly get     'x-served-by': 'cache-sin18029-SIN',
76 silly get     'x-cache': 'HIT',
76 silly get     'x-cache-hits': '4',
76 silly get     'x-timer': 'S1503129494.736726,VS0,VE0',
76 silly get     vary: 'Accept-Encoding, Accept' } ]
77 verbose etag https://registry.npmjs.org/nan from cache
78 verbose get saving nan to /Users/akkuanu/.npm/registry.npmjs.org/nan/.cache.json
79 verbose correctMkdir /Users/akkuanu/.npm correctMkdir not in flight; initializing
80 silly resolveWithNewModule nan@0.8.0 checking installable status
81 silly cache add args [ 'nan@~0.8.0', null ]
82 verbose cache add spec nan@~0.8.0
83 silly cache add parsed spec Result {
83 silly cache add   raw: 'nan@~0.8.0',
83 silly cache add   scope: null,
83 silly cache add   escapedName: 'nan',
83 silly cache add   name: 'nan',
83 silly cache add   rawSpec: '~0.8.0',
83 silly cache add   spec: '>=0.8.0 <0.9.0',
83 silly cache add   type: 'range' }
84 silly addNamed nan@>=0.8.0 <0.9.0
85 verbose addNamed ">=0.8.0 <0.9.0" is a valid semver range for nan
86 silly addNameRange { name: 'nan', range: '>=0.8.0 <0.9.0', hasData: false }
87 silly mapToRegistry name nan
88 silly mapToRegistry using default registry
89 silly mapToRegistry registry https://registry.npmjs.org/
90 silly mapToRegistry data Result {
90 silly mapToRegistry   raw: 'nan',
90 silly mapToRegistry   scope: null,
90 silly mapToRegistry   escapedName: 'nan',
90 silly mapToRegistry   name: 'nan',
90 silly mapToRegistry   rawSpec: '',
90 silly mapToRegistry   spec: 'latest',
90 silly mapToRegistry   type: 'tag' }
91 silly mapToRegistry uri https://registry.npmjs.org/nan
92 verbose addNameRange registry:https://registry.npmjs.org/nan not in flight; fetching
93 verbose get https://registry.npmjs.org/nan not expired, no request
94 silly addNameRange number 2 { name: 'nan', range: '>=0.8.0 <0.9.0', hasData: true }
95 silly addNameRange versions [ 'nan',
95 silly addNameRange   [ '0.3.0-wip',
95 silly addNameRange     '0.3.0-wip2',
95 silly addNameRange     '0.3.0',
95 silly addNameRange     '0.3.1',
95 silly addNameRange     '0.3.2',
95 silly addNameRange     '0.4.0',
95 silly addNameRange     '0.4.1',
95 silly addNameRange     '0.4.2',
95 silly addNameRange     '0.4.3',
95 silly addNameRange     '0.4.4',
95 silly addNameRange     '0.5.0',
95 silly addNameRange     '0.5.1',
95 silly addNameRange     '0.5.2',
95 silly addNameRange     '0.6.0',
95 silly addNameRange     '0.7.0',
95 silly addNameRange     '0.7.1',
95 silly addNameRange     '0.8.0',
95 silly addNameRange     '1.0.0',
95 silly addNameRange     '1.1.0',
95 silly addNameRange     '1.1.1',
95 silly addNameRange     '1.1.2',
95 silly addNameRange     '1.2.0',
95 silly addNameRange     '1.3.0',
95 silly addNameRange     '1.4.0',
95 silly addNameRange     '1.4.1',
95 silly addNameRange     '1.5.0',
95 silly addNameRange     '1.4.2',
95 silly addNameRange     '1.4.3',
95 silly addNameRange     '1.5.1',
95 silly addNameRange     '1.5.2',
95 silly addNameRange     '1.6.0',
95 silly addNameRange     '1.5.3',
95 silly addNameRange     '1.6.1',
95 silly addNameRange     '1.6.2',
95 silly addNameRange     '1.7.0',
95 silly addNameRange     '1.8.0',
95 silly addNameRange     '1.8.1',
95 silly addNameRange     '1.8.2',
95 silly addNameRange     '1.8.3',
95 silly addNameRange     '1.8.4',
95 silly addNameRange     '1.9.0',
95 silly addNameRange     '2.0.0',
95 silly addNameRange     '2.0.1',
95 silly addNameRange     '2.0.2',
95 silly addNameRange     '2.0.3',
95 silly addNameRange     '2.0.4',
95 silly addNameRange     '2.0.5',
95 silly addNameRange     '2.0.6',
95 silly addNameRange     '2.0.7',
95 silly addNameRange     '2.0.8',
95 silly addNameRange     '2.0.9',
95 silly addNameRange     '2.1.0',
95 silly addNameRange     '2.2.0',
95 silly addNameRange     '2.2.1',
95 silly addNameRange     '2.3.0',
95 silly addNameRange     '2.3.1',
95 silly addNameRange     '2.3.2',
95 silly addNameRange     '2.3.3',
95 silly addNameRange     '2.3.4',
95 silly addNameRange     '2.3.5',
95 silly addNameRange     '2.4.0',
95 silly addNameRange     '2.5.0',
95 silly addNameRange     '2.5.1',
95 silly addNameRange     '2.6.0',
95 silly addNameRange     '2.6.1',
95 silly addNameRange     '2.6.2' ] ]
96 silly addNamed nan@0.8.0
97 verbose addNamed "0.8.0" is a plain semver version for nan
98 silly cache afterAdd nan@0.8.0
99 verbose afterAdd /Users/akkuanu/.npm/nan/0.8.0/package/package.json not in flight; writing
100 verbose correctMkdir /Users/akkuanu/.npm correctMkdir not in flight; initializing
101 verbose afterAdd /Users/akkuanu/.npm/nan/0.8.0/package/package.json written
102 silly loadAllDepsIntoIdealTree Finishing
103 silly loadIdealTree Finishing
104 silly currentTree angular-seed@0.0.0
104 silly currentTree ├── @uirouter/core@5.0.3
104 silly currentTree ├── accessibility-developer-tools@2.6.0
104 silly currentTree ├── active-x-obfuscator@0.0.1
104 silly currentTree ├── adm-zip@0.4.4
104 silly currentTree ├── ajv@4.11.8
104 silly currentTree ├── amdefine@1.0.1
104 silly currentTree ├── angular-mocks@1.6.6
104 silly currentTree ├── angular-ui-router@1.0.3
104 silly currentTree ├── angular@1.6.6
104 silly currentTree ├── asn1@0.2.3
104 silly currentTree ├── assert-plus@0.2.0
104 silly currentTree ├── async@0.2.10
104 silly currentTree ├── asynckit@0.4.0
104 silly currentTree ├── aws-sign2@0.6.0
104 silly currentTree ├── aws4@1.6.0
104 silly currentTree ├── balanced-match@1.0.0
104 silly currentTree ├── base64id@0.1.0
104 silly currentTree ├── bcrypt-pbkdf@1.0.1
104 silly currentTree ├── boom@2.10.1
104 silly currentTree ├── bower@1.8.0
104 silly currentTree ├── brace-expansion@1.1.8
104 silly currentTree ├── buffer-crc32@0.2.1
104 silly currentTree ├── bytes@0.2.0
104 silly currentTree ├── caseless@0.12.0
104 silly currentTree ├── chokidar@0.8.4
104 silly currentTree ├─┬ chromedriver@2.31.0
104 silly currentTree │ ├── glob@7.1.2
104 silly currentTree │ ├── inherits@2.0.3
104 silly currentTree │ ├── minimatch@3.0.4
104 silly currentTree │ ├── minimist@0.0.8
104 silly currentTree │ ├── mkdirp@0.5.1
104 silly currentTree │ └── rimraf@2.6.1
104 silly currentTree ├── co@4.6.0
104 silly currentTree ├── coffee-script@1.6.3
104 silly currentTree ├── colors@0.6.2
104 silly currentTree ├── combined-stream@1.0.5
104 silly currentTree ├── commander@2.1.0
104 silly currentTree ├── concat-map@0.0.1
104 silly currentTree ├─┬ concat-stream@1.6.0
104 silly currentTree │ ├── inherits@2.0.3
104 silly currentTree │ ├── isarray@1.0.0
104 silly currentTree │ ├── readable-stream@2.3.3
104 silly currentTree │ └── string_decoder@1.0.3
104 silly currentTree ├─┬ connect@2.8.8
104 silly currentTree │ └── qs@0.6.5
104 silly currentTree ├── cookie-signature@1.0.1
104 silly currentTree ├── cookie@0.1.0
104 silly currentTree ├── core-util-is@1.0.2
104 silly currentTree ├── cryptiles@2.0.5
104 silly currentTree ├── ctype@0.5.3
104 silly currentTree ├─┬ dashdash@1.14.1
104 silly currentTree │ └── assert-plus@1.0.0
104 silly currentTree ├── debug@3.0.0
104 silly currentTree ├── deep-equal@1.0.1
104 silly currentTree ├── delayed-stream@1.0.0
104 silly currentTree ├── di@0.0.1
104 silly currentTree ├── ecc-jsbn@0.1.1
104 silly currentTree ├─┬ ecstatic@0.4.13
104 silly currentTree │ └── optimist@0.3.7
104 silly currentTree ├── ent@0.0.7
104 silly currentTree ├── es6-promise@4.0.5
104 silly currentTree ├── extend@3.0.1
104 silly currentTree ├─┬ extract-zip@1.6.5
104 silly currentTree │ ├── debug@2.2.0
104 silly currentTree │ ├── minimist@0.0.8
104 silly currentTree │ ├── mkdirp@0.5.0
104 silly currentTree │ └── ms@0.7.1
104 silly currentTree ├── extsprintf@1.3.0
104 silly currentTree ├── fd-slicer@1.0.1
104 silly currentTree ├── forever-agent@0.6.1
104 silly currentTree ├── form-data@2.1.4
104 silly currentTree ├── formidable@1.0.14
104 silly currentTree ├── fresh@0.2.0
104 silly currentTree ├── fs-access@1.0.1
104 silly currentTree ├─┬ fs-extra@1.0.0
104 silly currentTree │ └── graceful-fs@4.1.11
104 silly currentTree ├── fs.realpath@1.0.0
104 silly currentTree ├─┬ getpass@0.1.7
104 silly currentTree │ └── assert-plus@1.0.0
104 silly currentTree ├── glob@3.1.21
104 silly currentTree ├── graceful-fs@1.2.3
104 silly currentTree ├── har-schema@1.0.5
104 silly currentTree ├── har-validator@4.2.1
104 silly currentTree ├── hasha@2.2.0
104 silly currentTree ├── hawk@3.1.3
104 silly currentTree ├── hoek@2.16.3
104 silly currentTree ├── html-entities@1.1.3
104 silly currentTree ├─┬ http-proxy@0.10.4
104 silly currentTree │ ├── optimist@0.6.1
104 silly currentTree │ └── pkginfo@0.3.1
104 silly currentTree ├── http-server@0.6.1
104 silly currentTree ├── http-signature@1.1.1
104 silly currentTree ├── i@0.3.5
104 silly currentTree ├── inflight@1.0.6
104 silly currentTree ├── inherits@1.0.2
104 silly currentTree ├── is-stream@1.1.0
104 silly currentTree ├── is-typedarray@1.0.0
104 silly currentTree ├── isarray@0.0.1
104 silly currentTree ├── isexe@2.0.0
104 silly currentTree ├── isstream@0.1.2
104 silly currentTree ├── jasmine-core@2.1.3
104 silly currentTree ├─┬ jasmine@2.1.1
104 silly currentTree │ ├── glob@3.2.11
104 silly currentTree │ ├── inherits@2.0.3
104 silly currentTree │ └── minimatch@0.3.0
104 silly currentTree ├── jasminewd@1.1.0
104 silly currentTree ├── jasminewd2@0.0.2
104 silly currentTree ├── jsbn@0.1.1
104 silly currentTree ├── json-schema@0.2.3
104 silly currentTree ├── json-stable-stringify@1.0.1
104 silly currentTree ├── json-stringify-safe@5.0.1
104 silly currentTree ├─┬ jsonfile@2.4.0
104 silly currentTree │ └── graceful-fs@4.1.11
104 silly currentTree ├── jsonify@0.0.0
104 silly currentTree ├─┬ jsprim@1.4.1
104 silly currentTree │ └── assert-plus@1.0.0
104 silly currentTree ├── karma-chrome-launcher@2.2.0
104 silly currentTree ├── karma-jasmine@1.1.0
104 silly currentTree ├── karma-junit-reporter@0.2.2
104 silly currentTree ├─┬ karma-phantomjs-launcher@1.0.4
104 silly currentTree │ └── lodash@4.17.4
104 silly currentTree ├── karma-requirejs@1.1.0
104 silly currentTree ├── karma-script-launcher@1.0.0
104 silly currentTree ├─┬ karma@0.10.10
104 silly currentTree │ ├── colors@0.6.0-1
104 silly currentTree │ └── optimist@0.3.7
104 silly currentTree ├── kew@0.7.0
104 silly currentTree ├─┬ klaw@1.3.1
104 silly currentTree │ └── graceful-fs@4.1.11
104 silly currentTree ├── lodash@1.1.1
104 silly currentTree ├── log4js@0.6.38
104 silly currentTree ├── lru-cache@2.7.3
104 silly currentTree ├── methods@0.0.1
104 silly currentTree ├── mime-db@1.29.0
104 silly currentTree ├── mime-types@2.1.16
104 silly currentTree ├── mime@1.2.11
104 silly currentTree ├── minijasminenode@1.1.1
104 silly currentTree ├── minimatch@0.2.14
104 silly currentTree ├── minimist@0.0.10
104 silly currentTree ├── mkdirp@0.0.7
104 silly currentTree ├── ms@2.0.0
104 silly currentTree ├── ncp@0.4.2
104 silly currentTree ├── null-check@1.0.0
104 silly currentTree ├── oauth-sign@0.8.2
104 silly currentTree ├── once@1.4.0
104 silly currentTree ├── opener@1.3.0
104 silly currentTree ├── optimist@0.5.2
104 silly currentTree ├── options@0.0.6
104 silly currentTree ├── path-is-absolute@1.0.1
104 silly currentTree ├── pause@0.0.1
104 silly currentTree ├── pend@1.2.0
104 silly currentTree ├── performance-now@0.2.0
104 silly currentTree ├── phantomjs-prebuilt@2.1.15
104 silly currentTree ├── pinkie-promise@2.0.1
104 silly currentTree ├── pinkie@2.0.4
104 silly currentTree ├── pkginfo@0.2.3
104 silly currentTree ├── policyfile@0.0.4
104 silly currentTree ├── portfinder@0.2.1
104 silly currentTree ├── process-nextick-args@1.0.7
104 silly currentTree ├── progress@1.1.8
104 silly currentTree ├─┬ protractor@1.8.0
104 silly currentTree │ ├── asn1@0.1.11
104 silly currentTree │ ├── assert-plus@0.1.5
104 silly currentTree │ ├── async@0.9.2
104 silly currentTree │ ├── aws-sign2@0.5.0
104 silly currentTree │ ├── boom@0.4.2
104 silly currentTree │ ├── combined-stream@0.0.7
104 silly currentTree │ ├── cryptiles@0.2.2
104 silly currentTree │ ├── delayed-stream@0.0.5
104 silly currentTree │ ├── forever-agent@0.5.2
104 silly currentTree │ ├── form-data@0.1.4
104 silly currentTree │ ├── glob@3.2.11
104 silly currentTree │ ├── hawk@1.0.0
104 silly currentTree │ ├── hoek@0.9.1
104 silly currentTree │ ├── http-signature@0.10.1
104 silly currentTree │ ├── inherits@2.0.3
104 silly currentTree │ ├── lodash@2.4.2
104 silly currentTree │ ├── minimatch@0.3.0
104 silly currentTree │ ├── node-uuid@1.4.8
104 silly currentTree │ ├── oauth-sign@0.3.0
104 silly currentTree │ ├── optimist@0.6.1
104 silly currentTree │ ├── q@1.0.0
104 silly currentTree │ ├── qs@0.6.6
104 silly currentTree │ ├── request@2.36.0
104 silly currentTree │ ├── sntp@0.2.4
104 silly currentTree │ └── tunnel-agent@0.4.3
104 silly currentTree ├── punycode@1.4.1
104 silly currentTree ├── q@0.9.7
104 silly currentTree ├── qs@0.5.6
104 silly currentTree ├── range-parser@0.0.4
104 silly currentTree ├─┬ readable-stream@1.0.34
104 silly currentTree │ └── inherits@2.0.3
104 silly currentTree ├── recursive-readdir@0.0.2
104 silly currentTree ├── redis@0.7.3
104 silly currentTree ├── request-progress@2.0.1
104 silly currentTree ├─┬ request@2.81.0
104 silly currentTree │ └── qs@6.4.0
104 silly currentTree ├─┬ require@2.4.20
104 silly currentTree │ ├── optimist@0.3.7
104 silly currentTree │ ├── source-map@0.1.43
104 silly currentTree │ └── uglify-js@2.3.0
104 silly currentTree ├── requirejs@2.3.4
104 silly currentTree ├── rimraf@2.1.4
104 silly currentTree ├── safe-buffer@5.1.1
104 silly currentTree ├── saucelabs@0.1.1
104 silly currentTree ├── sax@0.6.1
104 silly currentTree ├── selenium-webdriver@2.44.0
104 silly currentTree ├── semver@4.3.6
104 silly currentTree ├── send@0.1.4
104 silly currentTree ├── shelljs@0.2.6
104 silly currentTree ├── sigmund@1.0.1
104 silly currentTree ├── sntp@1.0.9
104 silly currentTree ├── socket.io-client@0.9.16
104 silly currentTree ├── socket.io@0.9.19
104 silly currentTree ├── source-map-support@0.2.10
104 silly currentTree ├── source-map@0.1.32
104 silly currentTree ├─┬ sshpk@1.13.1
104 silly currentTree │ └── assert-plus@1.0.0
104 silly currentTree ├── std@0.1.40
104 silly currentTree ├── string_decoder@0.10.31
104 silly currentTree ├── stringstream@0.0.5
104 silly currentTree ├── throttleit@1.0.0
104 silly currentTree ├── tinycolor@0.0.1
104 silly currentTree ├── tmp@0.0.24
104 silly currentTree ├── tough-cookie@2.3.2
104 silly currentTree ├── tunnel-agent@0.6.0
104 silly currentTree ├── tweetnacl@0.14.5
104 silly currentTree ├── typedarray@0.0.6
104 silly currentTree ├── uglify-js@1.2.5
104 silly currentTree ├── uid2@0.0.2
104 silly currentTree ├── union@0.3.8
104 silly currentTree ├─┬ useragent@2.0.10
104 silly currentTree │ └── lru-cache@2.2.4
104 silly currentTree ├── util-deprecate@1.0.2
104 silly currentTree ├── utile@0.2.1
104 silly currentTree ├── uuid@3.1.0
104 silly currentTree ├─┬ verror@1.10.0
104 silly currentTree │ └── assert-plus@1.0.0
104 silly currentTree ├── which@1.2.14
104 silly currentTree ├── wordwrap@0.0.3
104 silly currentTree ├── wrappy@1.0.2
104 silly currentTree ├─┬ ws@0.4.32
104 silly currentTree │ └── nan@1.0.0
104 silly currentTree ├─┬ xml2js@0.4.4
104 silly currentTree │ └── xmlbuilder@9.0.4
104 silly currentTree ├── xmlbuilder@0.4.2
104 silly currentTree ├── xmlhttprequest@1.4.2
104 silly currentTree ├── yauzl@2.4.1
104 silly currentTree └── zeparser@0.0.5
105 silly idealTree angular-seed@0.0.0
105 silly idealTree ├── @uirouter/core@5.0.3
105 silly idealTree ├── accessibility-developer-tools@2.6.0
105 silly idealTree ├── active-x-obfuscator@0.0.1
105 silly idealTree ├── adm-zip@0.4.4
105 silly idealTree ├── ajv@4.11.8
105 silly idealTree ├── amdefine@1.0.1
105 silly idealTree ├── angular-mocks@1.6.6
105 silly idealTree ├── angular-ui-router@1.0.3
105 silly idealTree ├── angular@1.6.6
105 silly idealTree ├── asn1@0.2.3
105 silly idealTree ├── assert-plus@0.2.0
105 silly idealTree ├── async@0.2.10
105 silly idealTree ├── asynckit@0.4.0
105 silly idealTree ├── aws-sign2@0.6.0
105 silly idealTree ├── aws4@1.6.0
105 silly idealTree ├── balanced-match@1.0.0
105 silly idealTree ├── base64id@0.1.0
105 silly idealTree ├── bcrypt-pbkdf@1.0.1
105 silly idealTree ├── boom@2.10.1
105 silly idealTree ├── bower@1.8.0
105 silly idealTree ├── brace-expansion@1.1.8
105 silly idealTree ├── buffer-crc32@0.2.1
105 silly idealTree ├── bytes@0.2.0
105 silly idealTree ├── caseless@0.12.0
105 silly idealTree ├── chokidar@0.8.4
105 silly idealTree ├─┬ chromedriver@2.31.0
105 silly idealTree │ ├── glob@7.1.2
105 silly idealTree │ ├── inherits@2.0.3
105 silly idealTree │ ├── minimatch@3.0.4
105 silly idealTree │ ├── minimist@0.0.8
105 silly idealTree │ ├── mkdirp@0.5.1
105 silly idealTree │ └── rimraf@2.6.1
105 silly idealTree ├── co@4.6.0
105 silly idealTree ├── coffee-script@1.6.3
105 silly idealTree ├── colors@0.6.2
105 silly idealTree ├── combined-stream@1.0.5
105 silly idealTree ├── commander@2.1.0
105 silly idealTree ├── concat-map@0.0.1
105 silly idealTree ├─┬ concat-stream@1.6.0
105 silly idealTree │ ├── inherits@2.0.3
105 silly idealTree │ ├── isarray@1.0.0
105 silly idealTree │ ├── readable-stream@2.3.3
105 silly idealTree │ └── string_decoder@1.0.3
105 silly idealTree ├─┬ connect@2.8.8
105 silly idealTree │ └── qs@0.6.5
105 silly idealTree ├── cookie-signature@1.0.1
105 silly idealTree ├── cookie@0.1.0
105 silly idealTree ├── core-util-is@1.0.2
105 silly idealTree ├── cryptiles@2.0.5
105 silly idealTree ├── ctype@0.5.3
105 silly idealTree ├─┬ dashdash@1.14.1
105 silly idealTree │ └── assert-plus@1.0.0
105 silly idealTree ├── debug@3.0.0
105 silly idealTree ├── deep-equal@1.0.1
105 silly idealTree ├── delayed-stream@1.0.0
105 silly idealTree ├── di@0.0.1
105 silly idealTree ├── ecc-jsbn@0.1.1
105 silly idealTree ├─┬ ecstatic@0.4.13
105 silly idealTree │ └── optimist@0.3.7
105 silly idealTree ├── ent@0.0.7
105 silly idealTree ├── es6-promise@4.0.5
105 silly idealTree ├── extend@3.0.1
105 silly idealTree ├─┬ extract-zip@1.6.5
105 silly idealTree │ ├── debug@2.2.0
105 silly idealTree │ ├── minimist@0.0.8
105 silly idealTree │ ├── mkdirp@0.5.0
105 silly idealTree │ └── ms@0.7.1
105 silly idealTree ├── extsprintf@1.3.0
105 silly idealTree ├── fd-slicer@1.0.1
105 silly idealTree ├── forever-agent@0.6.1
105 silly idealTree ├── form-data@2.1.4
105 silly idealTree ├── formidable@1.0.14
105 silly idealTree ├── fresh@0.2.0
105 silly idealTree ├── fs-access@1.0.1
105 silly idealTree ├─┬ fs-extra@1.0.0
105 silly idealTree │ └── graceful-fs@4.1.11
105 silly idealTree ├── fs.realpath@1.0.0
105 silly idealTree ├── fsevents@0.2.1
105 silly idealTree ├─┬ getpass@0.1.7
105 silly idealTree │ └── assert-plus@1.0.0
105 silly idealTree ├── glob@3.1.21
105 silly idealTree ├── graceful-fs@1.2.3
105 silly idealTree ├── har-schema@1.0.5
105 silly idealTree ├── har-validator@4.2.1
105 silly idealTree ├── hasha@2.2.0
105 silly idealTree ├── hawk@3.1.3
105 silly idealTree ├── hoek@2.16.3
105 silly idealTree ├── html-entities@1.1.3
105 silly idealTree ├─┬ http-proxy@0.10.4
105 silly idealTree │ ├── optimist@0.6.1
105 silly idealTree │ └── pkginfo@0.3.1
105 silly idealTree ├── http-server@0.6.1
105 silly idealTree ├── http-signature@1.1.1
105 silly idealTree ├── i@0.3.5
105 silly idealTree ├── inflight@1.0.6
105 silly idealTree ├── inherits@1.0.2
105 silly idealTree ├── is-stream@1.1.0
105 silly idealTree ├── is-typedarray@1.0.0
105 silly idealTree ├── isarray@0.0.1
105 silly idealTree ├── isexe@2.0.0
105 silly idealTree ├── isstream@0.1.2
105 silly idealTree ├── jasmine-core@2.1.3
105 silly idealTree ├─┬ jasmine@2.1.1
105 silly idealTree │ ├── glob@3.2.11
105 silly idealTree │ ├── inherits@2.0.3
105 silly idealTree │ └── minimatch@0.3.0
105 silly idealTree ├── jasminewd@1.1.0
105 silly idealTree ├── jasminewd2@0.0.2
105 silly idealTree ├── jsbn@0.1.1
105 silly idealTree ├── json-schema@0.2.3
105 silly idealTree ├── json-stable-stringify@1.0.1
105 silly idealTree ├── json-stringify-safe@5.0.1
105 silly idealTree ├─┬ jsonfile@2.4.0
105 silly idealTree │ └── graceful-fs@4.1.11
105 silly idealTree ├── jsonify@0.0.0
105 silly idealTree ├─┬ jsprim@1.4.1
105 silly idealTree │ └── assert-plus@1.0.0
105 silly idealTree ├── karma-chrome-launcher@2.2.0
105 silly idealTree ├── karma-jasmine@1.1.0
105 silly idealTree ├── karma-junit-reporter@0.2.2
105 silly idealTree ├─┬ karma-phantomjs-launcher@1.0.4
105 silly idealTree │ └── lodash@4.17.4
105 silly idealTree ├── karma-requirejs@1.1.0
105 silly idealTree ├── karma-script-launcher@1.0.0
105 silly idealTree ├─┬ karma@0.10.10
105 silly idealTree │ ├── colors@0.6.0-1
105 silly idealTree │ └── optimist@0.3.7
105 silly idealTree ├── kew@0.7.0
105 silly idealTree ├─┬ klaw@1.3.1
105 silly idealTree │ └── graceful-fs@4.1.11
105 silly idealTree ├── lodash@1.1.1
105 silly idealTree ├── log4js@0.6.38
105 silly idealTree ├── lru-cache@2.7.3
105 silly idealTree ├── methods@0.0.1
105 silly idealTree ├── mime-db@1.29.0
105 silly idealTree ├── mime-types@2.1.16
105 silly idealTree ├── mime@1.2.11
105 silly idealTree ├── minijasminenode@1.1.1
105 silly idealTree ├── minimatch@0.2.14
105 silly idealTree ├── minimist@0.0.10
105 silly idealTree ├── mkdirp@0.0.7
105 silly idealTree ├── ms@2.0.0
105 silly idealTree ├── nan@0.8.0
105 silly idealTree ├── ncp@0.4.2
105 silly idealTree ├── null-check@1.0.0
105 silly idealTree ├── oauth-sign@0.8.2
105 silly idealTree ├── once@1.4.0
105 silly idealTree ├── opener@1.3.0
105 silly idealTree ├── optimist@0.5.2
105 silly idealTree ├── options@0.0.6
105 silly idealTree ├── path-is-absolute@1.0.1
105 silly idealTree ├── pause@0.0.1
105 silly idealTree ├── pend@1.2.0
105 silly idealTree ├── performance-now@0.2.0
105 silly idealTree ├── phantomjs-prebuilt@2.1.15
105 silly idealTree ├── pinkie-promise@2.0.1
105 silly idealTree ├── pinkie@2.0.4
105 silly idealTree ├── pkginfo@0.2.3
105 silly idealTree ├── policyfile@0.0.4
105 silly idealTree ├── portfinder@0.2.1
105 silly idealTree ├── process-nextick-args@1.0.7
105 silly idealTree ├── progress@1.1.8
105 silly idealTree ├─┬ protractor@1.8.0
105 silly idealTree │ ├── asn1@0.1.11
105 silly idealTree │ ├── assert-plus@0.1.5
105 silly idealTree │ ├── async@0.9.2
105 silly idealTree │ ├── aws-sign2@0.5.0
105 silly idealTree │ ├── boom@0.4.2
105 silly idealTree │ ├── combined-stream@0.0.7
105 silly idealTree │ ├── cryptiles@0.2.2
105 silly idealTree │ ├── delayed-stream@0.0.5
105 silly idealTree │ ├── forever-agent@0.5.2
105 silly idealTree │ ├── form-data@0.1.4
105 silly idealTree │ ├── glob@3.2.11
105 silly idealTree │ ├── hawk@1.0.0
105 silly idealTree │ ├── hoek@0.9.1
105 silly idealTree │ ├── http-signature@0.10.1
105 silly idealTree │ ├── inherits@2.0.3
105 silly idealTree │ ├── lodash@2.4.2
105 silly idealTree │ ├── minimatch@0.3.0
105 silly idealTree │ ├── node-uuid@1.4.8
105 silly idealTree │ ├── oauth-sign@0.3.0
105 silly idealTree │ ├── optimist@0.6.1
105 silly idealTree │ ├── q@1.0.0
105 silly idealTree │ ├── qs@0.6.6
105 silly idealTree │ ├── request@2.36.0
105 silly idealTree │ ├── sntp@0.2.4
105 silly idealTree │ └── tunnel-agent@0.4.3
105 silly idealTree ├── punycode@1.4.1
105 silly idealTree ├── q@0.9.7
105 silly idealTree ├── qs@0.5.6
105 silly idealTree ├── range-parser@0.0.4
105 silly idealTree ├─┬ readable-stream@1.0.34
105 silly idealTree │ └── inherits@2.0.3
105 silly idealTree ├── recursive-readdir@0.0.2
105 silly idealTree ├── redis@0.7.3
105 silly idealTree ├── request-progress@2.0.1
105 silly idealTree ├─┬ request@2.81.0
105 silly idealTree │ └── qs@6.4.0
105 silly idealTree ├─┬ require@2.4.20
105 silly idealTree │ ├── optimist@0.3.7
105 silly idealTree │ ├── source-map@0.1.43
105 silly idealTree │ └── uglify-js@2.3.0
105 silly idealTree ├── requirejs@2.3.4
105 silly idealTree ├── rimraf@2.1.4
105 silly idealTree ├── safe-buffer@5.1.1
105 silly idealTree ├── saucelabs@0.1.1
105 silly idealTree ├── sax@0.6.1
105 silly idealTree ├── selenium-webdriver@2.44.0
105 silly idealTree ├── semver@4.3.6
105 silly idealTree ├── send@0.1.4
105 silly idealTree ├── shelljs@0.2.6
105 silly idealTree ├── sigmund@1.0.1
105 silly idealTree ├── sntp@1.0.9
105 silly idealTree ├── socket.io-client@0.9.16
105 silly idealTree ├── socket.io@0.9.19
105 silly idealTree ├── source-map-support@0.2.10
105 silly idealTree ├── source-map@0.1.32
105 silly idealTree ├─┬ sshpk@1.13.1
105 silly idealTree │ └── assert-plus@1.0.0
105 silly idealTree ├── std@0.1.40
105 silly idealTree ├── string_decoder@0.10.31
105 silly idealTree ├── stringstream@0.0.5
105 silly idealTree ├── throttleit@1.0.0
105 silly idealTree ├── tinycolor@0.0.1
105 silly idealTree ├── tmp@0.0.24
105 silly idealTree ├── tough-cookie@2.3.2
105 silly idealTree ├── tunnel-agent@0.6.0
105 silly idealTree ├── tweetnacl@0.14.5
105 silly idealTree ├── typedarray@0.0.6
105 silly idealTree ├── uglify-js@1.2.5
105 silly idealTree ├── uid2@0.0.2
105 silly idealTree ├── union@0.3.8
105 silly idealTree ├─┬ useragent@2.0.10
105 silly idealTree │ └── lru-cache@2.2.4
105 silly idealTree ├── util-deprecate@1.0.2
105 silly idealTree ├── utile@0.2.1
105 silly idealTree ├── uuid@3.1.0
105 silly idealTree ├─┬ verror@1.10.0
105 silly idealTree │ └── assert-plus@1.0.0
105 silly idealTree ├── which@1.2.14
105 silly idealTree ├── wordwrap@0.0.3
105 silly idealTree ├── wrappy@1.0.2
105 silly idealTree ├─┬ ws@0.4.32
105 silly idealTree │ └── nan@1.0.0
105 silly idealTree ├─┬ xml2js@0.4.4
105 silly idealTree │ └── xmlbuilder@9.0.4
105 silly idealTree ├── xmlbuilder@0.4.2
105 silly idealTree ├── xmlhttprequest@1.4.2
105 silly idealTree ├── yauzl@2.4.1
105 silly idealTree └── zeparser@0.0.5
106 silly generateActionsToTake Starting
107 silly install generateActionsToTake
108 silly generateActionsToTake Finishing
109 silly diffTrees action count 2
110 silly diffTrees add nan@0.8.0
111 silly diffTrees add fsevents@0.2.1
112 silly decomposeActions action count 16
113 silly decomposeActions fetch nan@0.8.0
114 silly decomposeActions extract nan@0.8.0
115 silly decomposeActions test nan@0.8.0
116 silly decomposeActions preinstall nan@0.8.0
117 silly decomposeActions build nan@0.8.0
118 silly decomposeActions install nan@0.8.0
119 silly decomposeActions postinstall nan@0.8.0
120 silly decomposeActions finalize nan@0.8.0
121 silly decomposeActions fetch fsevents@0.2.1
122 silly decomposeActions extract fsevents@0.2.1
123 silly decomposeActions test fsevents@0.2.1
124 silly decomposeActions preinstall fsevents@0.2.1
125 silly decomposeActions build fsevents@0.2.1
126 silly decomposeActions install fsevents@0.2.1
127 silly decomposeActions postinstall fsevents@0.2.1
128 silly decomposeActions finalize fsevents@0.2.1
129 silly runTopLevelLifecycles Starting
130 silly install runPreinstallTopLevelLifecycles
131 silly preinstall angular-seed@0.0.0 /Users/akkuanu/Desktop/swapi/angular-seed-817c4a67
132 info lifecycle angular-seed@0.0.0~preinstall: angular-seed@0.0.0
133 silly lifecycle angular-seed@0.0.0~preinstall: no script for preinstall, continuing
134 silly executeActions Starting
135 silly install executeActions
136 silly doSerial global-install 0
137 silly doParallel fetch 2
138 verbose correctMkdir /Users/akkuanu/.npm/_locks correctMkdir not in flight; initializing
139 verbose lock using /Users/akkuanu/.npm/_locks/staging-3323bfdf0b539586.lock for /Users/akkuanu/Desktop/swapi/node_modules/.staging
140 silly doParallel extract 2
141 silly extract nan@0.8.0
142 silly extract fsevents@0.2.1
143 verbose unbuild node_modules/.staging/nan-8589284d
144 verbose unbuild node_modules/.staging/fsevents-e0bca4d9
145 silly gentlyRm /Users/akkuanu/Desktop/swapi/node_modules/.staging/nan-8589284d is being purged from base /Users/akkuanu/Desktop/swapi
146 verbose gentlyRm don't care about contents; nuking /Users/akkuanu/Desktop/swapi/node_modules/.staging/nan-8589284d
147 silly gentlyRm /Users/akkuanu/Desktop/swapi/node_modules/.staging/fsevents-e0bca4d9 is being purged from base /Users/akkuanu/Desktop/swapi
148 verbose gentlyRm don't care about contents; nuking /Users/akkuanu/Desktop/swapi/node_modules/.staging/fsevents-e0bca4d9
149 verbose tar unpack /Users/akkuanu/.npm/nan/0.8.0/package.tgz
150 verbose tar unpacking to /Users/akkuanu/Desktop/swapi/node_modules/.staging/nan-8589284d
151 silly gentlyRm /Users/akkuanu/Desktop/swapi/node_modules/.staging/nan-8589284d is being purged
152 verbose gentlyRm don't care about contents; nuking /Users/akkuanu/Desktop/swapi/node_modules/.staging/nan-8589284d
153 verbose tar unpack /Users/akkuanu/.npm/fsevents/0.2.1/package.tgz
154 verbose tar unpacking to /Users/akkuanu/Desktop/swapi/node_modules/.staging/fsevents-e0bca4d9
155 silly gentlyRm /Users/akkuanu/Desktop/swapi/node_modules/.staging/fsevents-e0bca4d9 is being purged
156 verbose gentlyRm don't care about contents; nuking /Users/akkuanu/Desktop/swapi/node_modules/.staging/fsevents-e0bca4d9
157 silly gunzTarPerm modes [ '755', '644' ]
158 silly gunzTarPerm modes [ '755', '644' ]
159 silly gunzTarPerm extractEntry package.json
160 silly gunzTarPerm extractEntry package.json
161 silly gunzTarPerm extractEntry README.md
162 silly gunzTarPerm extractEntry LICENSE
163 silly gunzTarPerm extractEntry include_dirs.js
164 silly gunzTarPerm extractEntry .dntrc
165 silly gunzTarPerm extractEntry build/config.gypi
166 silly gunzTarPerm extractEntry nan.h
167 silly gunzTarPerm extractEntry .npmignore
168 silly gunzTarPerm extractEntry LICENSE
169 silly gunzTarPerm extractEntry fsevents.js
170 silly gunzTarPerm extractEntry CHANGELOG.md
171 silly gunzTarPerm extractEntry Readme.md
172 silly gunzTarPerm extractEntry binding.gyp
173 silly gunzTarPerm extractEntry fsevents.cc
174 silly gunzTarPerm extractEntry src/async.cc
175 silly gunzTarPerm extractEntry src/constants.cc
176 silly gunzTarPerm extractEntry src/locking.cc
177 silly gunzTarPerm extractEntry src/methods.cc
178 silly gunzTarPerm extractEntry src/storage.cc
179 silly gunzTarPerm extractEntry src/thread.cc
180 silly gunzTarPerm extractEntry test/fsevents.js
181 silly gunzTarPerm extractEntry test/function.js
182 silly gentlyRm /Users/akkuanu/Desktop/swapi/node_modules/.staging/nan-8589284d/node_modules is being purged
183 verbose gentlyRm don't care about contents; nuking /Users/akkuanu/Desktop/swapi/node_modules/.staging/nan-8589284d/node_modules
184 silly gentlyRm /Users/akkuanu/Desktop/swapi/node_modules/.staging/fsevents-e0bca4d9/node_modules is being purged
185 verbose gentlyRm don't care about contents; nuking /Users/akkuanu/Desktop/swapi/node_modules/.staging/fsevents-e0bca4d9/node_modules
186 silly doParallel preinstall 2
187 silly preinstall nan@0.8.0 /Users/akkuanu/Desktop/swapi/node_modules/.staging/nan-8589284d
188 info lifecycle nan@0.8.0~preinstall: nan@0.8.0
189 silly preinstall fsevents@0.2.1 /Users/akkuanu/Desktop/swapi/node_modules/.staging/fsevents-e0bca4d9
190 info lifecycle fsevents@0.2.1~preinstall: fsevents@0.2.1
191 silly lifecycle nan@0.8.0~preinstall: no script for preinstall, continuing
192 silly lifecycle fsevents@0.2.1~preinstall: no script for preinstall, continuing
193 silly doReverseSerial remove 0
194 silly doSerial move 0
195 silly doSerial finalize 2
196 silly finalize /Users/akkuanu/Desktop/swapi/node_modules/nan
197 silly finalize /Users/akkuanu/Desktop/swapi/node_modules/fsevents
198 silly doSerial build 2
199 silly build nan@0.8.0
200 info linkStuff nan@0.8.0
201 silly linkStuff nan@0.8.0 has /Users/akkuanu/Desktop/swapi/node_modules as its parent node_modules
202 verbose linkBins nan@0.8.0
203 verbose linkMans nan@0.8.0
204 silly build fsevents@0.2.1
205 info linkStuff fsevents@0.2.1
206 silly linkStuff fsevents@0.2.1 has /Users/akkuanu/Desktop/swapi/node_modules as its parent node_modules
207 verbose linkBins fsevents@0.2.1
208 verbose linkMans fsevents@0.2.1
209 silly doSerial global-link 0
210 silly doParallel update-linked 0
211 silly doSerial install 2
212 silly install nan@0.8.0 /Users/akkuanu/Desktop/swapi/node_modules/.staging/nan-8589284d
213 info lifecycle nan@0.8.0~install: nan@0.8.0
214 silly lifecycle nan@0.8.0~install: no script for install, continuing
215 silly install fsevents@0.2.1 /Users/akkuanu/Desktop/swapi/node_modules/.staging/fsevents-e0bca4d9
216 info lifecycle fsevents@0.2.1~install: fsevents@0.2.1
217 verbose lifecycle fsevents@0.2.1~install: unsafe-perm in lifecycle true
218 verbose lifecycle fsevents@0.2.1~install: PATH: /usr/local/lib/node_modules/npm/bin/node-gyp-bin:/Users/akkuanu/Desktop/swapi/node_modules/fsevents/node_modules/.bin:/Users/akkuanu/Desktop/swapi/node_modules/.bin:/usr/local/Cellar/node/6.8.1/bin:/usr/local/bin:/usr/bin:/bin:/usr/sbin:/sbin
219 verbose lifecycle fsevents@0.2.1~install: CWD: /Users/akkuanu/Desktop/swapi/node_modules/fsevents
220 silly lifecycle fsevents@0.2.1~install: Args: [ '-c', 'node-gyp rebuild' ]
221 silly lifecycle fsevents@0.2.1~install: Returned: code: 1  signal: null
222 info lifecycle fsevents@0.2.1~install: Failed to exec install script
223 silly doSerial postinstall 2
224 verbose unlock done using /Users/akkuanu/.npm/_locks/staging-3323bfdf0b539586.lock for /Users/akkuanu/Desktop/swapi/node_modules/.staging
225 silly executeActions Finishing
226 silly rollbackFailedOptional Starting
227 silly rollbackFailedOptional Finishing
228 silly install runPostinstallTopLevelLifecycles
229 silly build angular-seed@0.0.0
230 info linkStuff angular-seed@0.0.0
231 silly linkStuff angular-seed@0.0.0 has /Users/akkuanu/Desktop as its parent node_modules
232 verbose linkBins angular-seed@0.0.0
233 verbose linkMans angular-seed@0.0.0
234 silly install angular-seed@0.0.0 /Users/akkuanu/Desktop/swapi/angular-seed-817c4a67
235 info lifecycle angular-seed@0.0.0~install: angular-seed@0.0.0
236 silly lifecycle angular-seed@0.0.0~install: no script for install, continuing
237 silly postinstall angular-seed@0.0.0 /Users/akkuanu/Desktop/swapi/angular-seed-817c4a67
238 info lifecycle angular-seed@0.0.0~postinstall: angular-seed@0.0.0
239 verbose lifecycle angular-seed@0.0.0~postinstall: unsafe-perm in lifecycle true
240 verbose lifecycle angular-seed@0.0.0~postinstall: PATH: /usr/local/lib/node_modules/npm/bin/node-gyp-bin:/Users/akkuanu/Desktop/swapi/node_modules/.bin:/usr/local/Cellar/node/6.8.1/bin:/usr/local/bin:/usr/bin:/bin:/usr/sbin:/sbin
241 verbose lifecycle angular-seed@0.0.0~postinstall: CWD: /Users/akkuanu/Desktop/swapi
242 silly lifecycle angular-seed@0.0.0~postinstall: Args: [ '-c', 'bower install' ]
243 silly lifecycle angular-seed@0.0.0~postinstall: Returned: code: 1  signal: null
244 info lifecycle angular-seed@0.0.0~postinstall: Failed to exec postinstall script
245 warn karma@0.10.10 requires a peer of karma-jasmine@~0.1.0 but none was installed.
246 verbose If you need help, you may report this error at:
246 verbose     <https://github.com/npm/npm/issues>
247 warn karma@0.10.10 requires a peer of karma-requirejs@~0.2.0 but none was installed.
248 verbose If you need help, you may report this error at:
248 verbose     <https://github.com/npm/npm/issues>
249 warn karma@0.10.10 requires a peer of karma-coffee-preprocessor@~0.1.0 but none was installed.
250 verbose If you need help, you may report this error at:
250 verbose     <https://github.com/npm/npm/issues>
251 warn karma@0.10.10 requires a peer of karma-html2js-preprocessor@~0.1.0 but none was installed.
252 verbose If you need help, you may report this error at:
252 verbose     <https://github.com/npm/npm/issues>
253 warn karma@0.10.10 requires a peer of karma-chrome-launcher@~0.1.0 but none was installed.
254 verbose If you need help, you may report this error at:
254 verbose     <https://github.com/npm/npm/issues>
255 warn karma@0.10.10 requires a peer of karma-firefox-launcher@~0.1.0 but none was installed.
256 verbose If you need help, you may report this error at:
256 verbose     <https://github.com/npm/npm/issues>
257 warn karma@0.10.10 requires a peer of karma-phantomjs-launcher@~0.1.0 but none was installed.
258 verbose If you need help, you may report this error at:
258 verbose     <https://github.com/npm/npm/issues>
259 warn karma@0.10.10 requires a peer of karma-script-launcher@~0.1.0 but none was installed.
260 verbose If you need help, you may report this error at:
260 verbose     <https://github.com/npm/npm/issues>
261 warn optional SKIPPING OPTIONAL DEPENDENCY: fsevents@0.2.1 (node_modules/fsevents):
262 warn optional SKIPPING OPTIONAL DEPENDENCY: fsevents@0.2.1 install: `node-gyp rebuild`
262 warn optional SKIPPING OPTIONAL DEPENDENCY: Exit status 1
263 verbose optional SKIPPING OPTIONAL DEPENDENCY:
263 verbose optional Failed at the fsevents@0.2.1 install script 'node-gyp rebuild'.
263 verbose optional SKIPPING OPTIONAL DEPENDENCY: Make sure you have the latest version of node.js and npm installed.
263 verbose optional SKIPPING OPTIONAL DEPENDENCY: If you do, this is most likely a problem with the fsevents package,
263 verbose optional SKIPPING OPTIONAL DEPENDENCY: not with npm itself.
263 verbose optional SKIPPING OPTIONAL DEPENDENCY: Tell the author that this fails on your system:
263 verbose optional SKIPPING OPTIONAL DEPENDENCY:     node-gyp rebuild
263 verbose optional SKIPPING OPTIONAL DEPENDENCY: You can get information on how to open an issue for this project with:
263 verbose optional SKIPPING OPTIONAL DEPENDENCY:     npm bugs fsevents
263 verbose optional SKIPPING OPTIONAL DEPENDENCY: Or if that isn't available, you can get their info via:
263 verbose optional SKIPPING OPTIONAL DEPENDENCY:     npm owner ls fsevents
263 verbose optional SKIPPING OPTIONAL DEPENDENCY: There is likely additional logging output above.
264 verbose stack Error: angular-seed@0.0.0 postinstall: `bower install`
264 verbose stack Exit status 1
264 verbose stack     at EventEmitter.<anonymous> (/usr/local/lib/node_modules/npm/lib/utils/lifecycle.js:255:16)
264 verbose stack     at emitTwo (events.js:106:13)
264 verbose stack     at EventEmitter.emit (events.js:191:7)
264 verbose stack     at ChildProcess.<anonymous> (/usr/local/lib/node_modules/npm/lib/utils/spawn.js:40:14)
264 verbose stack     at emitTwo (events.js:106:13)
264 verbose stack     at ChildProcess.emit (events.js:191:7)
264 verbose stack     at maybeClose (internal/child_process.js:877:16)
264 verbose stack     at Process.ChildProcess._handle.onexit (internal/child_process.js:226:5)
265 verbose pkgid angular-seed@0.0.0
266 verbose cwd /Users/akkuanu/Desktop/swapi
267 error Darwin 16.6.0
268 error argv "/usr/local/Cellar/node/6.8.1/bin/node" "/usr/local/bin/npm" "install"
269 error node v6.8.1
270 error npm  v3.10.8
271 error code ELIFECYCLE
272 error angular-seed@0.0.0 postinstall: `bower install`
272 error Exit status 1
273 error Failed at the angular-seed@0.0.0 postinstall script 'bower install'.
273 error Make sure you have the latest version of node.js and npm installed.
273 error If you do, this is most likely a problem with the angular-seed package,
273 error not with npm itself.
273 error Tell the author that this fails on your system:
273 error     bower install
273 error You can get information on how to open an issue for this project with:
273 error     npm bugs angular-seed
273 error Or if that isn't available, you can get their info via:
273 error     npm owner ls angular-seed
273 error There is likely additional logging output above.
274 verbose exit [ 1, true ]
